<?xml version="1.0" encoding="UTF-8"?>
<!-- Generated by org.testng.reporters.JUnitReportReporter -->
<testsuite hostname="Hasan-PC" name="com.myFirstMavenProject.myFirstMavenProject.HomePage2" tests="1" failures="0" timestamp="7 Aug 2016 03:57:20 GMT" time="49.264" errors="0">
  <testcase name="test" time="49.264" classname="com.myFirstMavenProject.myFirstMavenProject.HomePage2"/>
</testsuite> <!-- com.myFirstMavenProject.myFirstMavenProject.HomePage2 -->
